<?xml version="1.0" encoding="UTF-8"?>
<!-- Generated by org.testng.reporters.JUnitReportReporter -->
<testsuite hostname="akshay-Latitude-7490" failures="0" tests="2" name="com.testannotations.TestAnnotatons" time="0.008" errors="0" timestamp="2023-06-26T13:16:15 IST" skipped="0">
  <testcase classname="com.testannotations.TestAnnotatons" name="Test1" time="0.005"/>
  <testcase classname="com.testannotations.TestAnnotatons" name="Test2" time="0.003"/>
</testsuite> <!-- com.testannotations.TestAnnotatons -->
