<?xml version="1.0" encoding="UTF-8"?>
<!-- Generated by org.testng.reporters.JUnitReportReporter -->
<testsuite hostname="akshay-Latitude-7490" failures="0" tests="2" name="com.assertt.ParallelTest" time="12.060" errors="0" timestamp="2023-06-26T17:12:47 IST" skipped="0">
  <testcase classname="com.assertt.ParallelTest" name="Facebook" time="8.324"/>
  <testcase classname="com.assertt.ParallelTest" name="Launch" time="3.736"/>
</testsuite> <!-- com.assertt.ParallelTest -->
